Unable to capture context for thread 7840 in process 4972, can not generate back trace
Unable to capture context for thread 2884 in process 4972, can not generate back trace
Exception at PC 0x00007FF80320BB93
Printing stacktrace...

Unable to capture context for thread 5800 in process 4972, can not generate back trace
Exception at PC 0x00007FF864153C58
Exception at PC 0x00007FF864153C58
Exception at PC 0x00007FF864153C58
Exception at PC 0x00007FF864153C58
Exception at PC 0x00007FF864153C58
Exception at PC 0x00007FF864153C58
Exception at PC 0x00007FF864153C58
Exception at PC 0x00007FF864153C58
Exception at PC 0x00007FF864153C58
Exception at PC 0x00007FF864153C58
Exception at PC 0x00007FF864153C58
Exception at PC 0x00007FF864153C58
Exception at PC 0x00007FF864153C58
Exception at PC 0x00007FF864153C58
Exception at PC 0x00007FF864153C58
Exception at PC 0x00007FF864153C58
Exception at PC 0x00007FF864153C58
Exception at PC 0x00007FF864153C58
Exception at PC 0x00007FF864153C58
Exception at PC 0x00007FF864153C58
[0]  [0x00007FF80320BB93]
[1]  [0x00007FF80320BB93]
[2]  [0x00007FF80320B4A1]
[3]  [0x00007FF80320B3EF]
[4]  [0x00007FF8031F19FE]
[5]  [0x00007FF8031F0ED1]
[6]  [0x00007FF8031F0D76]
[7]  [0x00007FF8031979F6]
[8]  [0x00007FF803187AFB]
[9]  [0x00007FF8032AE90A]
[10]  [0x00007FF8032C9F87]
[11]  [0x00007FF8032CA05F]
[12] (BaseThreadInitThunk+0x14) [0x00007FF865628364]
[13] (RtlUserThreadStart+0x21) [0x00007FF867C87091]
Done
